mode: set
github.com/rmasci/verbose/timefmtstr.go:13.52,15.36 2 1
github.com/rmasci/verbose/timefmtstr.go:15.36,16.24 1 1
github.com/rmasci/verbose/timefmtstr.go:16.24,18.22 2 1
github.com/rmasci/verbose/timefmtstr.go:19.13,20.21 1 1
github.com/rmasci/verbose/timefmtstr.go:21.13,22.19 1 1
github.com/rmasci/verbose/timefmtstr.go:23.13,24.25 1 1
github.com/rmasci/verbose/timefmtstr.go:25.13,26.24 1 1
github.com/rmasci/verbose/timefmtstr.go:27.13,28.20 1 1
github.com/rmasci/verbose/timefmtstr.go:29.13,30.19 1 1
github.com/rmasci/verbose/timefmtstr.go:31.13,32.20 1 1
github.com/rmasci/verbose/timefmtstr.go:33.13,34.23 1 1
github.com/rmasci/verbose/timefmtstr.go:35.13,36.20 1 1
github.com/rmasci/verbose/timefmtstr.go:37.13,38.19 1 1
github.com/rmasci/verbose/timefmtstr.go:39.13,40.19 1 1
github.com/rmasci/verbose/timefmtstr.go:41.13,42.19 1 1
github.com/rmasci/verbose/timefmtstr.go:43.13,44.19 1 1
github.com/rmasci/verbose/timefmtstr.go:45.13,46.21 1 1
github.com/rmasci/verbose/timefmtstr.go:47.13,48.27 1 1
github.com/rmasci/verbose/timefmtstr.go:49.13,50.25 1 1
github.com/rmasci/verbose/timefmtstr.go:51.13,52.20 1 1
github.com/rmasci/verbose/timefmtstr.go:53.13,54.19 1 1
github.com/rmasci/verbose/timefmtstr.go:56.9,58.4 1 1
github.com/rmasci/verbose/timefmtstr.go:61.2,63.15 2 1
github.com/rmasci/verbose/verbprint.go:53.42,55.17 1 1
github.com/rmasci/verbose/verbprint.go:55.17,57.3 1 1
github.com/rmasci/verbose/verbprint.go:57.8,57.44 1 1
github.com/rmasci/verbose/verbprint.go:57.44,61.3 3 1
github.com/rmasci/verbose/verbprint.go:61.8,65.3 3 1
github.com/rmasci/verbose/verbprint.go:67.2,70.10 3 1
github.com/rmasci/verbose/verbprint.go:74.32,75.9 1 1
github.com/rmasci/verbose/verbprint.go:75.9,76.24 1 1
github.com/rmasci/verbose/verbprint.go:76.24,78.4 1 1
github.com/rmasci/verbose/verbprint.go:79.3,79.26 1 1
github.com/rmasci/verbose/verbprint.go:79.26,82.4 2 1
github.com/rmasci/verbose/verbprint.go:83.3,83.18 1 1
github.com/rmasci/verbose/verbprint.go:83.18,85.11 2 0
github.com/rmasci/verbose/verbprint.go:85.11,88.5 2 0
github.com/rmasci/verbose/verbprint.go:88.10,90.5 1 0
github.com/rmasci/verbose/verbprint.go:91.4,91.58 1 0
github.com/rmasci/verbose/verbprint.go:93.3,93.26 1 1
github.com/rmasci/verbose/verbprint.go:98.34,99.9 1 1
github.com/rmasci/verbose/verbprint.go:99.9,100.19 1 1
github.com/rmasci/verbose/verbprint.go:100.19,102.4 1 0
github.com/rmasci/verbose/verbprint.go:103.3,103.24 1 1
github.com/rmasci/verbose/verbprint.go:103.24,105.4 1 0
github.com/rmasci/verbose/verbprint.go:106.3,106.26 1 1
github.com/rmasci/verbose/verbprint.go:106.26,109.4 2 1
github.com/rmasci/verbose/verbprint.go:110.3,110.18 1 1
github.com/rmasci/verbose/verbprint.go:110.18,112.11 2 0
github.com/rmasci/verbose/verbprint.go:112.11,115.5 2 0
github.com/rmasci/verbose/verbprint.go:115.10,117.5 1 0
github.com/rmasci/verbose/verbprint.go:118.4,118.58 1 0
github.com/rmasci/verbose/verbprint.go:120.3,120.28 1 1
github.com/rmasci/verbose/verbprint.go:125.48,126.9 1 1
github.com/rmasci/verbose/verbprint.go:126.9,127.19 1 1
github.com/rmasci/verbose/verbprint.go:127.19,129.4 1 0
github.com/rmasci/verbose/verbprint.go:130.3,130.24 1 1
github.com/rmasci/verbose/verbprint.go:130.24,132.4 1 0
github.com/rmasci/verbose/verbprint.go:133.3,133.26 1 1
github.com/rmasci/verbose/verbprint.go:133.26,136.4 2 1
github.com/rmasci/verbose/verbprint.go:138.3,138.18 1 1
github.com/rmasci/verbose/verbprint.go:138.18,140.11 2 1
github.com/rmasci/verbose/verbprint.go:140.11,143.5 2 0
github.com/rmasci/verbose/verbprint.go:143.10,145.5 1 1
github.com/rmasci/verbose/verbprint.go:146.4,146.58 1 1
github.com/rmasci/verbose/verbprint.go:148.3,148.35 1 1
github.com/rmasci/verbose/verbprintf.go:26.49,27.12 1 0
github.com/rmasci/verbose/verbprintf.go:27.12,28.27 1 0
github.com/rmasci/verbose/verbprintf.go:28.27,30.4 1 0
github.com/rmasci/verbose/verbprintf.go:31.3,31.29 1 0
github.com/rmasci/verbose/verbprintf.go:31.29,34.4 2 0
github.com/rmasci/verbose/verbprintf.go:35.3,35.21 1 0
github.com/rmasci/verbose/verbprintf.go:35.21,37.11 2 0
github.com/rmasci/verbose/verbprintf.go:37.11,40.5 2 0
github.com/rmasci/verbose/verbprintf.go:40.10,42.5 1 0
github.com/rmasci/verbose/verbprintf.go:43.4,43.57 1 0
github.com/rmasci/verbose/verbprintf.go:45.3,45.22 1 0
github.com/rmasci/verbose/verbprintf.go:49.22,51.2 1 0
github.com/rmasci/verbose/verbprintf.go:54.51,55.12 1 1
github.com/rmasci/verbose/verbprintf.go:55.12,56.27 1 1
github.com/rmasci/verbose/verbprintf.go:56.27,58.4 1 0
github.com/rmasci/verbose/verbprintf.go:59.3,59.29 1 1
github.com/rmasci/verbose/verbprintf.go:59.29,62.4 2 1
github.com/rmasci/verbose/verbprintf.go:63.3,63.21 1 1
github.com/rmasci/verbose/verbprintf.go:63.21,65.11 2 0
github.com/rmasci/verbose/verbprintf.go:65.11,68.5 2 0
github.com/rmasci/verbose/verbprintf.go:68.10,70.5 1 0
github.com/rmasci/verbose/verbprintf.go:71.4,71.57 1 0
github.com/rmasci/verbose/verbprintf.go:73.3,73.24 1 1
github.com/rmasci/verbose/verbprintf.go:78.65,79.12 1 1
github.com/rmasci/verbose/verbprintf.go:79.12,80.27 1 1
github.com/rmasci/verbose/verbprintf.go:80.27,82.4 1 0
github.com/rmasci/verbose/verbprintf.go:83.3,83.29 1 1
github.com/rmasci/verbose/verbprintf.go:83.29,86.4 2 1
github.com/rmasci/verbose/verbprintf.go:88.3,88.21 1 1
github.com/rmasci/verbose/verbprintf.go:88.21,90.11 2 0
github.com/rmasci/verbose/verbprintf.go:90.11,93.5 2 0
github.com/rmasci/verbose/verbprintf.go:93.10,95.5 1 0
github.com/rmasci/verbose/verbprintf.go:96.4,96.57 1 0
github.com/rmasci/verbose/verbprintf.go:98.3,98.31 1 1
